2025-08-22 21:01:22,507 - INFO - ============================================================
2025-08-22 21:01:22,507 - INFO - Daily Approval Reminders Script Started
2025-08-22 21:01:22,508 - INFO - Execution time: 2025-08-22 21:01:22
2025-08-22 21:01:22,509 - INFO - ============================================================
2025-08-22 21:01:22,509 - INFO - Starting daily approval reminders process...
2025-08-22 21:01:22,510 - INFO - Calling API endpoint: http://192.168.1.85:3000/api/scheduled-tasks/approval-reminders
2025-08-22 21:01:26,611 - INFO - SUCCESS: Daily approval reminders completed!
2025-08-22 21:01:26,612 - INFO - Statistics:
2025-08-22 21:01:26,612 - INFO -    - Total pending approvals: 2
2025-08-22 21:01:26,613 - INFO -    - Unique approvers: 1
2025-08-22 21:01:26,613 - INFO -    - Reminders sent: 1
2025-08-22 21:01:26,613 - INFO - SUCCESS: Sent 1 reminder emails
2025-08-22 21:01:26,613 - INFO -    OK: Jose Tommy Mandapat (tom.mandapat@aspacphils.com.ph) - 2 pending approval(s)
2025-08-22 21:01:26,614 - INFO - Daily approval reminders process completed successfully!
2025-08-22 21:01:26,614 - INFO - ============================================================
2025-08-22 21:01:26,614 - INFO - Daily Approval Reminders Script Finished
2025-08-22 21:01:26,614 - INFO - ============================================================
2025-08-22 21:04:35,549 - INFO - ============================================================
2025-08-22 21:04:35,549 - INFO - Daily Approval Reminders Script Started
2025-08-22 21:04:35,550 - INFO - Execution time: 2025-08-22 21:04:35
2025-08-22 21:04:35,550 - INFO - ============================================================
2025-08-22 21:04:35,550 - INFO - Starting daily approval reminders process...
2025-08-22 21:04:35,551 - INFO - Calling API endpoint: http://192.168.1.85:3000/api/scheduled-tasks/approval-reminders
2025-08-22 21:04:38,866 - INFO - SUCCESS: Daily approval reminders completed!
2025-08-22 21:04:38,866 - INFO - Statistics:
2025-08-22 21:04:38,866 - INFO -    - Total pending approvals: 2
2025-08-22 21:04:38,866 - INFO -    - Unique approvers: 1
2025-08-22 21:04:38,867 - INFO -    - Reminders sent: 1
2025-08-22 21:04:38,867 - INFO - SUCCESS: Sent 1 reminder emails
2025-08-22 21:04:38,867 - INFO -    OK: Jose Tommy Mandapat (tom.mandapat@aspacphils.com.ph) - 2 pending approval(s)
2025-08-22 21:04:38,868 - INFO - Daily approval reminders process completed successfully!
2025-08-22 21:04:38,868 - INFO - ============================================================
2025-08-22 21:04:38,869 - INFO - Daily Approval Reminders Script Finished
2025-08-22 21:04:38,869 - INFO - ============================================================
2025-08-22 21:06:06,912 - INFO - ============================================================
2025-08-22 21:06:06,913 - INFO - Daily Approval Reminders Script Started
2025-08-22 21:06:06,913 - INFO - Execution time: 2025-08-22 21:06:06
2025-08-22 21:06:06,913 - INFO - ============================================================
2025-08-22 21:06:06,914 - INFO - Starting daily approval reminders process...
2025-08-22 21:06:06,914 - INFO - Calling API endpoint: http://192.168.1.85:3000/api/scheduled-tasks/approval-reminders
2025-08-22 21:06:10,203 - INFO - SUCCESS: Daily approval reminders completed!
2025-08-22 21:06:10,203 - INFO - Statistics:
2025-08-22 21:06:10,205 - INFO -    - Total pending approvals: 2
2025-08-22 21:06:10,205 - INFO -    - Unique approvers: 1
2025-08-22 21:06:10,205 - INFO -    - Reminders sent: 1
2025-08-22 21:06:10,205 - INFO - SUCCESS: Sent 1 reminder emails
2025-08-22 21:06:10,206 - INFO -    OK: Jose Tommy Mandapat (tom.mandapat@aspacphils.com.ph) - 2 pending approval(s)
2025-08-22 21:06:10,206 - INFO - Daily approval reminders process completed successfully!
2025-08-22 21:06:10,206 - INFO - ============================================================
2025-08-22 21:06:10,206 - INFO - Daily Approval Reminders Script Finished
2025-08-22 21:06:10,206 - INFO - ============================================================
