2025-08-22 20:47:41,137 - INFO - ============================================================
2025-08-22 20:47:41,158 - INFO - ============================================================
2025-08-22 20:47:46,835 - INFO -    - Total pending approvals: 2
2025-08-22 20:47:46,835 - INFO -    - Unique approvers: 2
2025-08-22 20:47:46,836 - INFO -    - Reminders sent: 2
2025-08-22 20:47:46,846 - INFO - ============================================================
2025-08-22 20:47:46,848 - INFO - ============================================================
2025-08-22 20:51:39,791 - INFO - ============================================================
2025-08-22 20:51:39,792 - INFO - Daily Approval Reminders Script Started
2025-08-22 20:51:39,793 - INFO - Execution time: 2025-08-22 20:51:39
2025-08-22 20:51:39,793 - INFO - ============================================================
2025-08-22 20:51:39,794 - INFO - Starting daily approval reminders process...
2025-08-22 20:51:39,794 - INFO - Calling API endpoint: http://192.168.1.85:3000/api/scheduled-tasks/approval-reminders
2025-08-22 20:51:43,226 - INFO - SUCCESS: Daily approval reminders completed!
2025-08-22 20:51:43,226 - INFO - Statistics:
2025-08-22 20:51:43,227 - INFO -    - Total pending approvals: 1
2025-08-22 20:51:43,227 - INFO -    - Unique approvers: 1
2025-08-22 20:51:43,227 - INFO -    - Reminders sent: 1
2025-08-22 20:51:43,228 - INFO - SUCCESS: Sent 1 reminder emails
2025-08-22 20:51:43,228 - INFO -    OK: Jose Tommy Mandapat (tom.mandapat@aspacphils.com.ph) - 1 pending approval(s)
2025-08-22 20:51:43,228 - INFO - Daily approval reminders process completed successfully!
2025-08-22 20:51:43,229 - INFO - ============================================================
2025-08-22 20:51:43,229 - INFO - Daily Approval Reminders Script Finished
2025-08-22 20:51:43,229 - INFO - ============================================================
2025-08-22 20:52:53,860 - INFO - ============================================================
2025-08-22 20:52:53,860 - INFO - Daily Approval Reminders Script Started
2025-08-22 20:52:53,861 - INFO - Execution time: 2025-08-22 20:52:53
2025-08-22 20:52:53,861 - INFO - ============================================================
2025-08-22 20:52:53,863 - INFO - Starting daily approval reminders process...
2025-08-22 20:52:53,863 - INFO - Calling API endpoint: http://192.168.1.85:3000/api/scheduled-tasks/approval-reminders
2025-08-22 20:52:57,218 - INFO - SUCCESS: Daily approval reminders completed!
2025-08-22 20:52:57,219 - INFO - Statistics:
2025-08-22 20:52:57,219 - INFO -    - Total pending approvals: 1
2025-08-22 20:52:57,219 - INFO -    - Unique approvers: 1
2025-08-22 20:52:57,221 - INFO -    - Reminders sent: 1
2025-08-22 20:52:57,221 - INFO - Successfully sent 1 reminder emails
2025-08-22 20:52:57,221 - INFO -    SUCCESS: Jose Tommy Mandapat (tom.mandapat@aspacphils.com.ph) - 1 pending approval(s)
2025-08-22 20:52:57,222 - INFO - Daily approval reminders process completed successfully!
2025-08-22 20:52:57,222 - INFO - ============================================================
2025-08-22 20:52:57,222 - INFO - Daily Approval Reminders Script Finished
2025-08-22 20:52:57,222 - INFO - ============================================================
